<?xml version="1.0" encoding="UTF-8"?>
<!-- Generated by org.testng.reporters.JUnitXMLReporter -->
<testsuite hostname="LAPTOP-9QG0PJN8" name="Test" tests="3" failures="0" timestamp="28 Apr 2023 20:39:50 GMT" time="6.698" errors="0">
  <testcase name="@BeforeClass openBrowser" time="0.0" classname="Testscripts.CreateLead">
    <failure type="org.openqa.selenium.remote.http.ConnectionFailedException" message="Unable to establish websocket connection to http://localhost:57595/devtools/browser/7c99854a-08f9-4598-a35e-b61140f8a0b9
Build info: version: &amp;apos;4.4.0&amp;apos;, revision: &amp;apos;e5c75ed026a&amp;apos;
System info: host: &amp;apos;LAPTOP-9QG0PJN8&amp;apos;, ip: &amp;apos;192.168.29.114&amp;apos;, os.name: &amp;apos;Windows 10&amp;apos;, os.arch: &amp;apos;amd64&amp;apos;, os.version: &amp;apos;10.0&amp;apos;, java.version: &amp;apos;1.8.0_162&amp;apos;
Driver info: driver.version: ChromeDriver">
      <![CDATA[org.openqa.selenium.remote.http.ConnectionFailedException: Unable to establish websocket connection to http://localhost:57595/devtools/browser/7c99854a-08f9-4598-a35e-b61140f8a0b9
Build info: version: '4.4.0', revision: 'e5c75ed026a'
System info: host: 'LAPTOP-9QG0PJN8', ip: '192.168.29.114', os.name: 'Windows 10', os.arch: 'amd64', os.version: '10.0', java.version: '1.8.0_162'
Driver info: driver.version: ChromeDriver
	at org.openqa.selenium.remote.http.netty.NettyWebSocket.<init>(NettyWebSocket.java:102)
	at org.openqa.selenium.remote.http.netty.NettyWebSocket.lambda$create$3(NettyWebSocket.java:128)
	at org.openqa.selenium.remote.http.netty.NettyClient.openSocket(NettyClient.java:106)
	at org.openqa.selenium.devtools.Connection.<init>(Connection.java:77)
	at org.openqa.selenium.chromium.ChromiumDriver.lambda$new$2(ChromiumDriver.java:116)
	at java.util.Optional.map(Unknown Source)
	at org.openqa.selenium.chromium.ChromiumDriver.<init>(ChromiumDriver.java:114)
	at org.openqa.selenium.chrome.ChromeDriver.<init>(ChromeDriver.java:81)
	at org.openqa.selenium.chrome.ChromeDriver.<init>(ChromeDriver.java:49)
	at automationUtility.BaseClass.openBrowser(BaseClass.java:31)
... Removed 24 stack frames]]>
    </failure>
  </testcase> <!-- @BeforeClass openBrowser -->
  <testcase name="@BeforeMethod login" time="0.0" classname="Testscripts.CreateLead">
    <failure type="java.lang.NullPointerException">
      <![CDATA[java.lang.NullPointerException
	at org.openqa.selenium.support.pagefactory.DefaultElementLocator.findElement(DefaultElementLocator.java:70)
	at org.openqa.selenium.support.pagefactory.internal.LocatingElementHandler.invoke(LocatingElementHandler.java:39)
	at com.sun.proxy.$Proxy15.sendKeys(Unknown Source)
	at objectRepositary.LoginPage.logingToApp(LoginPage.java:22)
	at automationUtility.BaseClass.login(BaseClass.java:58)
... Removed 26 stack frames]]>
    </failure>
  </testcase> <!-- @BeforeMethod login -->
  <testcase name="@AfterMethod logout" time="0.0" classname="Testscripts.CreateLead">
    <failure type="java.lang.IllegalArgumentException" message="Driver must be set">
      <![CDATA[java.lang.IllegalArgumentException: Driver must be set
	at org.openqa.selenium.internal.Require.nonNull(Require.java:59)
	at org.openqa.selenium.interactions.Actions.<init>(Actions.java:60)
	at automationUtility.SharedSeleniumLib.moveMouseOnElement(SharedSeleniumLib.java:42)
	at objectRepositary.HomePage.logoutFromApp(HomePage.java:30)
	at automationUtility.BaseClass.logout(BaseClass.java:66)
... Removed 26 stack frames]]>
    </failure>
  </testcase> <!-- @AfterMethod logout -->
  <testcase name="@AfterClass closebrowser" time="0.0" classname="Testscripts.CreateLead">
    <failure type="java.lang.NullPointerException">
      <![CDATA[java.lang.NullPointerException
	at automationUtility.BaseClass.closebrowser(BaseClass.java:72)
... Removed 24 stack frames]]>
    </failure>
  </testcase> <!-- @AfterClass closebrowser -->
  <testcase name="@BeforeClass openBrowser" time="0.0" classname="Testscripts.LoginToVtiger">
    <failure type="org.openqa.selenium.remote.http.ConnectionFailedException" message="Unable to establish websocket connection to http://localhost:57609/devtools/browser/09a92e5c-a1c7-4237-88ca-b7d1fe72155b
Build info: version: &amp;apos;4.4.0&amp;apos;, revision: &amp;apos;e5c75ed026a&amp;apos;
System info: host: &amp;apos;LAPTOP-9QG0PJN8&amp;apos;, ip: &amp;apos;192.168.29.114&amp;apos;, os.name: &amp;apos;Windows 10&amp;apos;, os.arch: &amp;apos;amd64&amp;apos;, os.version: &amp;apos;10.0&amp;apos;, java.version: &amp;apos;1.8.0_162&amp;apos;
Driver info: driver.version: ChromeDriver">
      <![CDATA[org.openqa.selenium.remote.http.ConnectionFailedException: Unable to establish websocket connection to http://localhost:57609/devtools/browser/09a92e5c-a1c7-4237-88ca-b7d1fe72155b
Build info: version: '4.4.0', revision: 'e5c75ed026a'
System info: host: 'LAPTOP-9QG0PJN8', ip: '192.168.29.114', os.name: 'Windows 10', os.arch: 'amd64', os.version: '10.0', java.version: '1.8.0_162'
Driver info: driver.version: ChromeDriver
	at org.openqa.selenium.remote.http.netty.NettyWebSocket.<init>(NettyWebSocket.java:102)
	at org.openqa.selenium.remote.http.netty.NettyWebSocket.lambda$create$3(NettyWebSocket.java:128)
	at org.openqa.selenium.remote.http.netty.NettyClient.openSocket(NettyClient.java:106)
	at org.openqa.selenium.devtools.Connection.<init>(Connection.java:77)
	at org.openqa.selenium.chromium.ChromiumDriver.lambda$new$2(ChromiumDriver.java:116)
	at java.util.Optional.map(Unknown Source)
	at org.openqa.selenium.chromium.ChromiumDriver.<init>(ChromiumDriver.java:114)
	at org.openqa.selenium.chrome.ChromeDriver.<init>(ChromeDriver.java:81)
	at org.openqa.selenium.chrome.ChromeDriver.<init>(ChromeDriver.java:49)
	at automationUtility.BaseClass.openBrowser(BaseClass.java:31)
... Removed 24 stack frames]]>
    </failure>
  </testcase> <!-- @BeforeClass openBrowser -->
  <testcase name="@BeforeMethod login" time="0.0" classname="Testscripts.LoginToVtiger">
    <failure type="java.lang.NullPointerException">
      <![CDATA[java.lang.NullPointerException
	at org.openqa.selenium.support.pagefactory.DefaultElementLocator.findElement(DefaultElementLocator.java:70)
	at org.openqa.selenium.support.pagefactory.internal.LocatingElementHandler.invoke(LocatingElementHandler.java:39)
	at com.sun.proxy.$Proxy15.sendKeys(Unknown Source)
	at objectRepositary.LoginPage.logingToApp(LoginPage.java:22)
	at automationUtility.BaseClass.login(BaseClass.java:58)
... Removed 26 stack frames]]>
    </failure>
  </testcase> <!-- @BeforeMethod login -->
  <testcase name="@AfterMethod logout" time="0.0" classname="Testscripts.LoginToVtiger">
    <failure type="java.lang.IllegalArgumentException" message="Driver must be set">
      <![CDATA[java.lang.IllegalArgumentException: Driver must be set
	at org.openqa.selenium.internal.Require.nonNull(Require.java:59)
	at org.openqa.selenium.interactions.Actions.<init>(Actions.java:60)
	at automationUtility.SharedSeleniumLib.moveMouseOnElement(SharedSeleniumLib.java:42)
	at objectRepositary.HomePage.logoutFromApp(HomePage.java:30)
	at automationUtility.BaseClass.logout(BaseClass.java:66)
... Removed 26 stack frames]]>
    </failure>
  </testcase> <!-- @AfterMethod logout -->
  <testcase name="@AfterClass closebrowser" time="0.0" classname="Testscripts.LoginToVtiger">
    <failure type="java.lang.NullPointerException">
      <![CDATA[java.lang.NullPointerException
	at automationUtility.BaseClass.closebrowser(BaseClass.java:72)
... Removed 24 stack frames]]>
    </failure>
  </testcase> <!-- @AfterClass closebrowser -->
  <testcase name="@BeforeClass openBrowser" time="0.0" classname="Testscripts.CreateVender">
    <failure type="org.openqa.selenium.remote.http.ConnectionFailedException" message="Unable to establish websocket connection to http://localhost:57621/devtools/browser/a06c9713-fb77-4bdf-a7ed-5eb344a7e8a7
Build info: version: &amp;apos;4.4.0&amp;apos;, revision: &amp;apos;e5c75ed026a&amp;apos;
System info: host: &amp;apos;LAPTOP-9QG0PJN8&amp;apos;, ip: &amp;apos;192.168.29.114&amp;apos;, os.name: &amp;apos;Windows 10&amp;apos;, os.arch: &amp;apos;amd64&amp;apos;, os.version: &amp;apos;10.0&amp;apos;, java.version: &amp;apos;1.8.0_162&amp;apos;
Driver info: driver.version: ChromeDriver">
      <![CDATA[org.openqa.selenium.remote.http.ConnectionFailedException: Unable to establish websocket connection to http://localhost:57621/devtools/browser/a06c9713-fb77-4bdf-a7ed-5eb344a7e8a7
Build info: version: '4.4.0', revision: 'e5c75ed026a'
System info: host: 'LAPTOP-9QG0PJN8', ip: '192.168.29.114', os.name: 'Windows 10', os.arch: 'amd64', os.version: '10.0', java.version: '1.8.0_162'
Driver info: driver.version: ChromeDriver
	at org.openqa.selenium.remote.http.netty.NettyWebSocket.<init>(NettyWebSocket.java:102)
	at org.openqa.selenium.remote.http.netty.NettyWebSocket.lambda$create$3(NettyWebSocket.java:128)
	at org.openqa.selenium.remote.http.netty.NettyClient.openSocket(NettyClient.java:106)
	at org.openqa.selenium.devtools.Connection.<init>(Connection.java:77)
	at org.openqa.selenium.chromium.ChromiumDriver.lambda$new$2(ChromiumDriver.java:116)
	at java.util.Optional.map(Unknown Source)
	at org.openqa.selenium.chromium.ChromiumDriver.<init>(ChromiumDriver.java:114)
	at org.openqa.selenium.chrome.ChromeDriver.<init>(ChromeDriver.java:81)
	at org.openqa.selenium.chrome.ChromeDriver.<init>(ChromeDriver.java:49)
	at automationUtility.BaseClass.openBrowser(BaseClass.java:31)
... Removed 24 stack frames]]>
    </failure>
  </testcase> <!-- @BeforeClass openBrowser -->
  <testcase name="@BeforeMethod login" time="0.0" classname="Testscripts.CreateVender">
    <failure type="java.lang.NullPointerException">
      <![CDATA[java.lang.NullPointerException
	at org.openqa.selenium.support.pagefactory.DefaultElementLocator.findElement(DefaultElementLocator.java:70)
	at org.openqa.selenium.support.pagefactory.internal.LocatingElementHandler.invoke(LocatingElementHandler.java:39)
	at com.sun.proxy.$Proxy15.sendKeys(Unknown Source)
	at objectRepositary.LoginPage.logingToApp(LoginPage.java:22)
	at automationUtility.BaseClass.login(BaseClass.java:58)
... Removed 26 stack frames]]>
    </failure>
  </testcase> <!-- @BeforeMethod login -->
  <testcase name="@AfterMethod logout" time="0.0" classname="Testscripts.CreateVender">
    <failure type="java.lang.IllegalArgumentException" message="Driver must be set">
      <![CDATA[java.lang.IllegalArgumentException: Driver must be set
	at org.openqa.selenium.internal.Require.nonNull(Require.java:59)
	at org.openqa.selenium.interactions.Actions.<init>(Actions.java:60)
	at automationUtility.SharedSeleniumLib.moveMouseOnElement(SharedSeleniumLib.java:42)
	at objectRepositary.HomePage.logoutFromApp(HomePage.java:30)
	at automationUtility.BaseClass.logout(BaseClass.java:66)
... Removed 26 stack frames]]>
    </failure>
  </testcase> <!-- @AfterMethod logout -->
  <testcase name="@AfterClass closebrowser" time="0.0" classname="Testscripts.CreateVender">
    <failure type="java.lang.NullPointerException">
      <![CDATA[java.lang.NullPointerException
	at automationUtility.BaseClass.closebrowser(BaseClass.java:72)
... Removed 24 stack frames]]>
    </failure>
  </testcase> <!-- @AfterClass closebrowser -->
  <testcase name="LeadCreation" time="0.002" classname="Testscripts.CreateLead">
    <skipped/>
  </testcase> <!-- LeadCreation -->
  <testcase name="HomepageValidation" time="0.001" classname="Testscripts.LoginToVtiger">
    <skipped/>
  </testcase> <!-- HomepageValidation -->
  <testcase name="VenderCreation" time="0.003" classname="Testscripts.CreateVender">
    <skipped/>
  </testcase> <!-- VenderCreation -->
</testsuite> <!-- Test -->
