<!DOCTYPE html PUBLIC "-//W3C//DTD XHTML 1.1//EN" "http://www.w3.org/TR/xhtml11/DTD/xhtml11.dtd">
<html xmlns="http://www.w3.org/1999/xhtml"><head><title>TestNG Report</title><style type="text/css">table {margin-bottom:10px;border-collapse:collapse;empty-cells:show}th,td {border:1px solid #009;padding:.25em .5em}th {vertical-align:bottom}td {vertical-align:top}table a {font-weight:bold}.stripe td {background-color: #E6EBF9}.num {text-align:right}.passedodd td {background-color: #3F3}.passedeven td {background-color: #0A0}.skippedodd td {background-color: #DDD}.skippedeven td {background-color: #CCC}.failedodd td,.attn {background-color: #F33}.failedeven td,.stripe .attn {background-color: #D00}.stacktrace {white-space:pre;font-family:monospace}.totop {font-size:85%;text-align:center;border-bottom:2px solid #000}</style></head><body><table><tr><th>Test</th><th># Passed</th><th># Skipped</th><th># Failed</th><th>Time (ms)</th><th>Included Groups</th><th>Excluded Groups</th></tr><tr><th colspan="7">Suite</th></tr><tr><td><a href="#t0">Test</a></td><td class="num">0</td><td class="num attn">3</td><td class="num">0</td><td class="num">6,698</td><td></td><td></td></tr></table><table><thead><tr><th>Class</th><th>Method</th><th>Start</th><th>Time (ms)</th></tr></thead><tbody><tr><th colspan="4">Suite</th></tr></tbody><tbody id="t0"><tr><th colspan="4">Test &#8212; failed (configuration methods)</th></tr><tr class="failedeven"><td rowspan="4">Testscripts.CreateLead</td><td><a href="#m0">closebrowser</a></td><td rowspan="1">1682714387356</td><td rowspan="1">0</td></tr><tr class="failedeven"><td><a href="#m1">login</a></td><td rowspan="1">1682714387325</td><td rowspan="1">0</td></tr><tr class="failedeven"><td><a href="#m2">logout</a></td><td rowspan="1">1682714387351</td><td rowspan="1">0</td></tr><tr class="failedeven"><td><a href="#m3">openBrowser</a></td><td rowspan="1">1682714384111</td><td rowspan="1">0</td></tr><tr class="failedodd"><td rowspan="4">Testscripts.CreateVender</td><td><a href="#m4">closebrowser</a></td><td rowspan="1">1682714390796</td><td rowspan="1">0</td></tr><tr class="failedodd"><td><a href="#m5">login</a></td><td rowspan="1">1682714390782</td><td rowspan="1">0</td></tr><tr class="failedodd"><td><a href="#m6">logout</a></td><td rowspan="1">1682714390792</td><td rowspan="1">0</td></tr><tr class="failedodd"><td><a href="#m7">openBrowser</a></td><td rowspan="1">1682714389028</td><td rowspan="1">0</td></tr><tr class="failedeven"><td rowspan="4">Testscripts.LoginToVtiger</td><td><a href="#m8">closebrowser</a></td><td rowspan="1">1682714389025</td><td rowspan="1">0</td></tr><tr class="failedeven"><td><a href="#m9">login</a></td><td rowspan="1">1682714389010</td><td rowspan="1">0</td></tr><tr class="failedeven"><td><a href="#m10">logout</a></td><td rowspan="1">1682714389020</td><td rowspan="1">0</td></tr><tr class="failedeven"><td><a href="#m11">openBrowser</a></td><td rowspan="1">1682714387357</td><td rowspan="1">0</td></tr><tr><th colspan="4">Test &#8212; skipped</th></tr><tr class="skippedeven"><td rowspan="1">Testscripts.CreateLead</td><td><a href="#m12">LeadCreation</a></td><td rowspan="1">1682714387348</td><td rowspan="1">2</td></tr><tr class="skippedodd"><td rowspan="1">Testscripts.CreateVender</td><td><a href="#m13">VenderCreation</a></td><td rowspan="1">1682714390787</td><td rowspan="1">3</td></tr><tr class="skippedeven"><td rowspan="1">Testscripts.LoginToVtiger</td><td><a href="#m14">HomepageValidation</a></td><td rowspan="1">1682714389016</td><td rowspan="1">1</td></tr></tbody></table><h2>Test</h2><h3 id="m0">Testscripts.CreateLead#closebrowser</h3><table class="result"><tr><th>Exception</th></tr><tr><td><div class="stacktrace">java.lang.NullPointerException
	at automationUtility.BaseClass.closebrowser(BaseClass.java:72)
... Removed 24 stack frames</div></td></tr></table><p class="totop"><a href="#summary">back to summary</a></p><h3 id="m1">Testscripts.CreateLead#login</h3><table class="result"><tr><th>Exception</th></tr><tr><td><div class="stacktrace">java.lang.NullPointerException
	at org.openqa.selenium.support.pagefactory.DefaultElementLocator.findElement(DefaultElementLocator.java:70)
	at org.openqa.selenium.support.pagefactory.internal.LocatingElementHandler.invoke(LocatingElementHandler.java:39)
	at com.sun.proxy.$Proxy15.sendKeys(Unknown Source)
	at objectRepositary.LoginPage.logingToApp(LoginPage.java:22)
	at automationUtility.BaseClass.login(BaseClass.java:58)
... Removed 26 stack frames</div></td></tr></table><p class="totop"><a href="#summary">back to summary</a></p><h3 id="m2">Testscripts.CreateLead#logout</h3><table class="result"><tr><th>Exception</th></tr><tr><td><div class="stacktrace">java.lang.IllegalArgumentException: Driver must be set
	at org.openqa.selenium.internal.Require.nonNull(Require.java:59)
	at org.openqa.selenium.interactions.Actions.&lt;init&gt;(Actions.java:60)
	at automationUtility.SharedSeleniumLib.moveMouseOnElement(SharedSeleniumLib.java:42)
	at objectRepositary.HomePage.logoutFromApp(HomePage.java:30)
	at automationUtility.BaseClass.logout(BaseClass.java:66)
... Removed 26 stack frames</div></td></tr></table><p class="totop"><a href="#summary">back to summary</a></p><h3 id="m3">Testscripts.CreateLead#openBrowser</h3><table class="result"><tr><th>Exception</th></tr><tr><td><div class="stacktrace">org.openqa.selenium.remote.http.ConnectionFailedException: Unable to establish websocket connection to http://localhost:57595/devtools/browser/7c99854a-08f9-4598-a35e-b61140f8a0b9
Build info: version: &apos;4.4.0&apos;, revision: &apos;e5c75ed026a&apos;
System info: host: &apos;LAPTOP-9QG0PJN8&apos;, ip: &apos;192.168.29.114&apos;, os.name: &apos;Windows 10&apos;, os.arch: &apos;amd64&apos;, os.version: &apos;10.0&apos;, java.version: &apos;1.8.0_162&apos;
Driver info: driver.version: ChromeDriver
	at org.openqa.selenium.remote.http.netty.NettyWebSocket.&lt;init&gt;(NettyWebSocket.java:102)
	at org.openqa.selenium.remote.http.netty.NettyWebSocket.lambda$create$3(NettyWebSocket.java:128)
	at org.openqa.selenium.remote.http.netty.NettyClient.openSocket(NettyClient.java:106)
	at org.openqa.selenium.devtools.Connection.&lt;init&gt;(Connection.java:77)
	at org.openqa.selenium.chromium.ChromiumDriver.lambda$new$2(ChromiumDriver.java:116)
	at java.util.Optional.map(Unknown Source)
	at org.openqa.selenium.chromium.ChromiumDriver.&lt;init&gt;(ChromiumDriver.java:114)
	at org.openqa.selenium.chrome.ChromeDriver.&lt;init&gt;(ChromeDriver.java:81)
	at org.openqa.selenium.chrome.ChromeDriver.&lt;init&gt;(ChromeDriver.java:49)
	at automationUtility.BaseClass.openBrowser(BaseClass.java:31)
... Removed 24 stack frames</div></td></tr></table><p class="totop"><a href="#summary">back to summary</a></p><h3 id="m4">Testscripts.CreateVender#closebrowser</h3><table class="result"><tr><th>Exception</th></tr><tr><td><div class="stacktrace">java.lang.NullPointerException
	at automationUtility.BaseClass.closebrowser(BaseClass.java:72)
... Removed 24 stack frames</div></td></tr></table><p class="totop"><a href="#summary">back to summary</a></p><h3 id="m5">Testscripts.CreateVender#login</h3><table class="result"><tr><th>Exception</th></tr><tr><td><div class="stacktrace">java.lang.NullPointerException
	at org.openqa.selenium.support.pagefactory.DefaultElementLocator.findElement(DefaultElementLocator.java:70)
	at org.openqa.selenium.support.pagefactory.internal.LocatingElementHandler.invoke(LocatingElementHandler.java:39)
	at com.sun.proxy.$Proxy15.sendKeys(Unknown Source)
	at objectRepositary.LoginPage.logingToApp(LoginPage.java:22)
	at automationUtility.BaseClass.login(BaseClass.java:58)
... Removed 26 stack frames</div></td></tr></table><p class="totop"><a href="#summary">back to summary</a></p><h3 id="m6">Testscripts.CreateVender#logout</h3><table class="result"><tr><th>Exception</th></tr><tr><td><div class="stacktrace">java.lang.IllegalArgumentException: Driver must be set
	at org.openqa.selenium.internal.Require.nonNull(Require.java:59)
	at org.openqa.selenium.interactions.Actions.&lt;init&gt;(Actions.java:60)
	at automationUtility.SharedSeleniumLib.moveMouseOnElement(SharedSeleniumLib.java:42)
	at objectRepositary.HomePage.logoutFromApp(HomePage.java:30)
	at automationUtility.BaseClass.logout(BaseClass.java:66)
... Removed 26 stack frames</div></td></tr></table><p class="totop"><a href="#summary">back to summary</a></p><h3 id="m7">Testscripts.CreateVender#openBrowser</h3><table class="result"><tr><th>Exception</th></tr><tr><td><div class="stacktrace">org.openqa.selenium.remote.http.ConnectionFailedException: Unable to establish websocket connection to http://localhost:57621/devtools/browser/a06c9713-fb77-4bdf-a7ed-5eb344a7e8a7
Build info: version: &apos;4.4.0&apos;, revision: &apos;e5c75ed026a&apos;
System info: host: &apos;LAPTOP-9QG0PJN8&apos;, ip: &apos;192.168.29.114&apos;, os.name: &apos;Windows 10&apos;, os.arch: &apos;amd64&apos;, os.version: &apos;10.0&apos;, java.version: &apos;1.8.0_162&apos;
Driver info: driver.version: ChromeDriver
	at org.openqa.selenium.remote.http.netty.NettyWebSocket.&lt;init&gt;(NettyWebSocket.java:102)
	at org.openqa.selenium.remote.http.netty.NettyWebSocket.lambda$create$3(NettyWebSocket.java:128)
	at org.openqa.selenium.remote.http.netty.NettyClient.openSocket(NettyClient.java:106)
	at org.openqa.selenium.devtools.Connection.&lt;init&gt;(Connection.java:77)
	at org.openqa.selenium.chromium.ChromiumDriver.lambda$new$2(ChromiumDriver.java:116)
	at java.util.Optional.map(Unknown Source)
	at org.openqa.selenium.chromium.ChromiumDriver.&lt;init&gt;(ChromiumDriver.java:114)
	at org.openqa.selenium.chrome.ChromeDriver.&lt;init&gt;(ChromeDriver.java:81)
	at org.openqa.selenium.chrome.ChromeDriver.&lt;init&gt;(ChromeDriver.java:49)
	at automationUtility.BaseClass.openBrowser(BaseClass.java:31)
... Removed 24 stack frames</div></td></tr></table><p class="totop"><a href="#summary">back to summary</a></p><h3 id="m8">Testscripts.LoginToVtiger#closebrowser</h3><table class="result"><tr><th>Exception</th></tr><tr><td><div class="stacktrace">java.lang.NullPointerException
	at automationUtility.BaseClass.closebrowser(BaseClass.java:72)
... Removed 24 stack frames</div></td></tr></table><p class="totop"><a href="#summary">back to summary</a></p><h3 id="m9">Testscripts.LoginToVtiger#login</h3><table class="result"><tr><th>Exception</th></tr><tr><td><div class="stacktrace">java.lang.NullPointerException
	at org.openqa.selenium.support.pagefactory.DefaultElementLocator.findElement(DefaultElementLocator.java:70)
	at org.openqa.selenium.support.pagefactory.internal.LocatingElementHandler.invoke(LocatingElementHandler.java:39)
	at com.sun.proxy.$Proxy15.sendKeys(Unknown Source)
	at objectRepositary.LoginPage.logingToApp(LoginPage.java:22)
	at automationUtility.BaseClass.login(BaseClass.java:58)
... Removed 26 stack frames</div></td></tr></table><p class="totop"><a href="#summary">back to summary</a></p><h3 id="m10">Testscripts.LoginToVtiger#logout</h3><table class="result"><tr><th>Exception</th></tr><tr><td><div class="stacktrace">java.lang.IllegalArgumentException: Driver must be set
	at org.openqa.selenium.internal.Require.nonNull(Require.java:59)
	at org.openqa.selenium.interactions.Actions.&lt;init&gt;(Actions.java:60)
	at automationUtility.SharedSeleniumLib.moveMouseOnElement(SharedSeleniumLib.java:42)
	at objectRepositary.HomePage.logoutFromApp(HomePage.java:30)
	at automationUtility.BaseClass.logout(BaseClass.java:66)
... Removed 26 stack frames</div></td></tr></table><p class="totop"><a href="#summary">back to summary</a></p><h3 id="m11">Testscripts.LoginToVtiger#openBrowser</h3><table class="result"><tr><th>Exception</th></tr><tr><td><div class="stacktrace">org.openqa.selenium.remote.http.ConnectionFailedException: Unable to establish websocket connection to http://localhost:57609/devtools/browser/09a92e5c-a1c7-4237-88ca-b7d1fe72155b
Build info: version: &apos;4.4.0&apos;, revision: &apos;e5c75ed026a&apos;
System info: host: &apos;LAPTOP-9QG0PJN8&apos;, ip: &apos;192.168.29.114&apos;, os.name: &apos;Windows 10&apos;, os.arch: &apos;amd64&apos;, os.version: &apos;10.0&apos;, java.version: &apos;1.8.0_162&apos;
Driver info: driver.version: ChromeDriver
	at org.openqa.selenium.remote.http.netty.NettyWebSocket.&lt;init&gt;(NettyWebSocket.java:102)
	at org.openqa.selenium.remote.http.netty.NettyWebSocket.lambda$create$3(NettyWebSocket.java:128)
	at org.openqa.selenium.remote.http.netty.NettyClient.openSocket(NettyClient.java:106)
	at org.openqa.selenium.devtools.Connection.&lt;init&gt;(Connection.java:77)
	at org.openqa.selenium.chromium.ChromiumDriver.lambda$new$2(ChromiumDriver.java:116)
	at java.util.Optional.map(Unknown Source)
	at org.openqa.selenium.chromium.ChromiumDriver.&lt;init&gt;(ChromiumDriver.java:114)
	at org.openqa.selenium.chrome.ChromeDriver.&lt;init&gt;(ChromeDriver.java:81)
	at org.openqa.selenium.chrome.ChromeDriver.&lt;init&gt;(ChromeDriver.java:49)
	at automationUtility.BaseClass.openBrowser(BaseClass.java:31)
... Removed 24 stack frames</div></td></tr></table><p class="totop"><a href="#summary">back to summary</a></p><h3 id="m12">Testscripts.CreateLead#LeadCreation</h3><table class="result"></table><p class="totop"><a href="#summary">back to summary</a></p><h3 id="m13">Testscripts.CreateVender#VenderCreation</h3><table class="result"></table><p class="totop"><a href="#summary">back to summary</a></p><h3 id="m14">Testscripts.LoginToVtiger#HomepageValidation</h3><table class="result"></table><p class="totop"><a href="#summary">back to summary</a></p></body></html>